Failed to query server: Operation not permitted
Warning message:
In system("timedatectl", intern = TRUE) :
  running command 'timedatectl' had status 1
── Attaching packages ─────────────────────────────────────── tidyverse 1.3.1 ──
✔ ggplot2 3.4.2     ✔ purrr   0.3.4
✔ tibble  3.2.1     ✔ dplyr   1.1.2
✔ tidyr   1.1.3     ✔ stringr 1.4.0
✔ readr   1.4.0     ✔ forcats 0.5.1
── Conflicts ────────────────────────────────────────── tidyverse_conflicts() ──
✖ dplyr::filter() masks stats::filter()
✖ dplyr::lag()    masks stats::lag()
Warning messages:
1: package ‘tibble’ was built under R version 4.1.0 
2: package ‘dplyr’ was built under R version 4.1.0 
Loading required package: foreach

Attaching package: ‘foreach’

The following objects are masked from ‘package:purrr’:

    accumulate, when

Loading required package: iterators
Loading required package: parallel
18 workers is used by `doMC`!slurmstepd: error: *** JOB 31116987 ON m3i000 CANCELLED AT 2023-08-22T02:13:14 ***
